<?xml version="1.0" encoding="UTF-8"?>
<!-- Generated by org.testng.reporters.JUnitXMLReporter -->
<testsuite ignored="0" hostname="Fazican" failures="2" tests="9" name="Test" time="0.132" errors="0" timestamp="2022-01-19T18:19:33 EST">
  <testcase classname="Testcases.CreateUser" name="createUser" time="0.005"/>
  <testcase classname="Testcases.CreateUser" name="createUser" time="0.003"/>
  <testcase classname="Testcases.login1" name="login" time="0.005">
    <failure type="java.lang.AssertionError" message="expected [ABCx] but found [ABC]">
      <![CDATA[java.lang.AssertionError: expected [ABCx] but found [ABC]
at Testcases.login1.login(login1.java:12)
at java.base/java.util.ArrayList.forEach(ArrayList.java:1511)
... Removed 32 stack frames]]>
    </failure>
  </testcase> <!-- login -->
  <testcase classname="Testcases.SearchAndBuyPhone" name="search" time="0.002"/>
  <testcase classname="Testcases.SearchAndBuyPhone" name="selectphone" time="0.004"/>
  <testcase classname="Testcases.SearchAndBuyPhone" name="checkout" time="0.003"/>
  <testcase classname="Testcases.ValidateUserReg" name="Validate" time="0.006">
    <failure type="java.lang.AssertionError" message="The following asserts failed:
	expected [xyz] but found [ABC],
	Error message did not expect to find [true] but found [false],
	404 Error">
      <![CDATA[java.lang.AssertionError: The following asserts failed:
expected [xyz] but found [ABC],
Error message did not expect to find [true] but found [false],
404 Error
at Testcases.ValidateUserReg.Validate(ValidateUserReg.java:17)
at java.base/java.util.ArrayList.forEach(ArrayList.java:1511)
... Removed 29 stack frames]]>
    </failure>
  </testcase> <!-- Validate -->
  <testcase classname="Testcases.Login" name="login1" time="0.001"/>
  <testcase classname="Testcases.Login" name="logout" time="0.001"/>
</testsuite> <!-- Test -->
